c:\users\b00241075\desktop\pizza man\engine\getmodeldata\debug\vc120.pdb
c:\users\b00241075\desktop\pizza man\engine\getmodeldata\debug\vc120.idb
c:\users\b00241075\desktop\pizza man\engine\getmodeldata\debug\source.obj
g:\pizza man new\engine\getmodeldata\debug\vc120.pdb
g:\pizza man new\engine\getmodeldata\debug\vc120.idb
g:\pizza man new\engine\getmodeldata\debug\source.obj
c:\users\b00236297\desktop\pizza-man\getmodeldata\debug\vc120.pdb
c:\users\b00236297\desktop\pizza-man\getmodeldata\debug\vc120.idb
c:\users\b00236297\desktop\pizza-man\getmodeldata\debug\source.obj
c:\users\b00241075\desktop\pizza man\engine\leveleditor\bin\debug\getmodeldata.lib
c:\users\b00241075\desktop\pizza man\engine\leveleditor\bin\debug\getmodeldata.exp
g:\pizza man new\engine\leveleditor\bin\debug\getmodeldata.lib
g:\pizza man new\engine\leveleditor\bin\debug\getmodeldata.exp
c:\users\b00236297\desktop\pizza-man\leveleditor\bin\debug\getmodeldata.lib
c:\users\b00236297\desktop\pizza-man\leveleditor\bin\debug\getmodeldata.exp
c:\users\b00241075\desktop\pizza man\engine\leveleditor\bin\debug\getmodeldata.ilk
c:\users\b00241075\desktop\pizza man\engine\leveleditor\bin\debug\getmodeldata.dll
c:\users\b00241075\desktop\pizza man\engine\leveleditor\bin\debug\getmodeldata.pdb
g:\pizza man new\engine\leveleditor\bin\debug\getmodeldata.ilk
g:\pizza man new\engine\leveleditor\bin\debug\getmodeldata.dll
g:\pizza man new\engine\leveleditor\bin\debug\getmodeldata.pdb
c:\users\b00236297\desktop\pizza-man\leveleditor\bin\debug\getmodeldata.ilk
c:\users\b00236297\desktop\pizza-man\leveleditor\bin\debug\getmodeldata.dll
c:\users\b00236297\desktop\pizza-man\leveleditor\bin\debug\getmodeldata.pdb
c:\users\b00236297\desktop\pizza-man\getmodeldata\..\leveleditor\bin\debug\getmodeldata.dll
c:\users\b00236297\desktop\pizza-man\getmodeldata\debug\getmodeldata.tlog\cl.command.1.tlog
c:\users\b00236297\desktop\pizza-man\getmodeldata\debug\getmodeldata.tlog\cl.read.1.tlog
c:\users\b00236297\desktop\pizza-man\getmodeldata\debug\getmodeldata.tlog\cl.write.1.tlog
c:\users\b00236297\desktop\pizza-man\getmodeldata\debug\getmodeldata.tlog\getmodeldata.write.1u.tlog
c:\users\b00236297\desktop\pizza-man\getmodeldata\debug\getmodeldata.tlog\link.command.1.tlog
c:\users\b00236297\desktop\pizza-man\getmodeldata\debug\getmodeldata.tlog\link.read.1.tlog
c:\users\b00236297\desktop\pizza-man\getmodeldata\debug\getmodeldata.tlog\link.write.1.tlog
